<?xml version="1.0" encoding="UTF-8"?>
<!-- Generated by org.testng.reporters.JUnitXMLReporter -->
<testsuite ignored="2" hostname="DESKTOP-L2D36IT" failures="1" tests="1" name="chromeTest" time="2.542" errors="0" timestamp="2024-04-03T08:37:52 IST">
  <testcase classname="org.campus.exam" name="@AfterMethod checkresult" time="0.009">
    <failure type="java.lang.NullPointerException">
      <![CDATA[java.lang.NullPointerException
at org.campus.exam.checkresult(exam.java:114)
at java.base/java.util.ArrayList.forEach(ArrayList.java:1541)
... Removed 32 stack frames]]>
    </failure>
  </testcase> <!-- @AfterMethod checkresult -->
  <testcase classname="org.campus.exam" name="TC01" time="0.02">
    <failure type="java.lang.NullPointerException">
      <![CDATA[java.lang.NullPointerException
at org.campus.exam.TC01(exam.java:151)
at java.base/java.util.ArrayList.forEach(ArrayList.java:1541)
... Removed 27 stack frames]]>
    </failure>
  </testcase> <!-- TC01 -->
  <testcase classname="org.campus.exam" name="TC07" time="0.0">
    <ignored/>
  </testcase> <!-- TC07 -->
  <testcase classname="org.campus.exam" name="TC02" time="0.0">
    <ignored/>
  </testcase> <!-- TC02 -->
</testsuite> <!-- chromeTest -->
