<?xml version="1.0" encoding="UTF-8"?>
<!-- Generated by org.testng.reporters.JUnitXMLReporter -->
<testsuite ignored="2" hostname="DESKTOP-L2D36IT" failures="0" tests="1" name="EdgeTest" time="15.043" errors="0" timestamp="2024-04-03T08:35:35 IST">
  <testcase classname="org.campus.exam" name="TC01" time="11.704"/>
  <testcase classname="org.campus.exam" name="TC07" time="0.0">
    <ignored/>
  </testcase> <!-- TC07 -->
  <testcase classname="org.campus.exam" name="TC02" time="0.0">
    <ignored/>
  </testcase> <!-- TC02 -->
</testsuite> <!-- EdgeTest -->
